INFO 2023-10-20 14:41:54,795 views 13752 140525303297728 serializing data
DEBUG 2023-10-20 14:41:54,803 views 13752 140525303297728 checking if user exists
DEBUG 2023-10-20 14:41:54,807 views 13752 140525303297728 user does not exists, creating user
INFO 2023-10-20 15:03:56,390 views 16150 140646268638912 verification code: 871258
INFO 2023-10-20 15:09:02,259 views 17239 140098715031232 verification code: 042008
WARNING 2023-10-20 15:33:55,960 utils 18552 140261552289472 Since user forgot it's password, we cannot get user by token
ERROR 2023-10-20 15:33:55,960 utils 18552 140261552289472 failed to get user by token. this may be caused by:
                1. token expired
                2. user is not verified
                3. user forgot password
                
INFO 2023-10-20 15:38:59,381 views 19090 140406057137856 {'id': 1, 'default': OrderedDict([('id', 1), ('user_id', 1), ('sugar_delta_max', 10.0), ('sugar_delta_min', 1.0), ('sugar_morning_max', 10.0), ('sugar_morning_min', 1.0), ('sugar_evening_max', 10.0), ('sugar_evening_min', 1.0), ('sugar_before_max', 10.0), ('sugar_before_min', 1.0), ('sugar_after_max', 10.0), ('sugar_after_min', 1.0), ('systolic_max', 10), ('systolic_min', 1), ('diastolic_max', 10), ('diastolic_min', 1), ('pulse_max', 10), ('pulse_min', 1), ('weight_max', 10.0), ('weight_min', 1.0), ('bmi_max', 10.0), ('bmi_min', 1.0), ('body_fat_max', 10.0), ('body_fat_min', 1.0), ('created_at', '2023-10-20T15:34:24.955558+08:00'), ('updated_at', '2023-10-20T15:34:24.955600+08:00')]), 'setting': OrderedDict([('id', 1), ('user_id', 1), ('after_recording', False), ('no_recording_for_a_day', False), ('over_max_or_under_min', True), ('after_meal', True), ('unit_of_sugar', True), ('unit_of_weight', True), ('unit_of_height', True), ('created_at', '2023-10-20T15:34:24.968136+08:00'), ('updated_at', '2023-10-20T15:34:24.968202+08:00')]), 'account': '', 'verified': 1, 'fb_id': '未設置', 'name': '', 'birthday': None, 'height': 0.0, 'gender': True, 'fcm_id': '', 'address': '', 'weight': '', 'phone': '', 'email': '', 'badge': 0}
INFO 2023-10-20 15:44:59,094 views 19820 140660763154112 verification code: 669432
ERROR 2023-10-20 15:45:19,966 utils 19820 140660763154112 login failed: password is wrong: UsergBPzmAaG
INFO 2023-10-20 15:59:03,378 views 20902 139796048119488 verification code: 028406
ERROR 2023-10-20 16:05:16,209 utils 21944 140284859176640 register failed: user not exists

ERROR 2023-10-20 16:05:22,250 utils 21944 140284859176640 register failed: user not exists

INFO 2023-10-20 16:05:41,811 views 21944 140284859176640 verification code: 659630
ERROR 2023-10-20 16:55:00,147 utils 24093 139955027613376 register failed: user not exists

INFO 2023-10-20 16:55:19,086 views 24093 139955027613376 verification code: 401456
INFO 2023-10-21 18:15:58,950 views 23336 140604894463680 verification code: 028111
DEBUG 2023-10-21 18:23:53,790 views 24178 139720350189248 {
    "id": 1,
    "default": {
        "id": 1,
        "sugar_delta_max": null,
        "sugar_delta_min": null,
        "sugar_morning_max": null,
        "sugar_morning_min": null,
        "sugar_evening_max": null,
        "sugar_evening_min": null,
        "sugar_before_max": null,
        "sugar_before_min": null,
        "sugar_after_max": null,
        "sugar_after_min": null,
        "systolic_max": null,
        "systolic_min": null,
        "diastolic_max": null,
        "diastolic_min": null,
        "pulse_max": null,
        "pulse_min": null,
        "weight_max": null,
        "weight_min": null,
        "bmi_max": null,
        "bmi_min": null,
        "body_fat_max": null,
        "body_fat_min": null,
        "user_id": 1,
        "created_at": "2023-10-21 10:17:34",
        "updated_at": "2023-10-21 10:17:34"
    },
    "setting": {
        "id": 1,
        "user_id": 1,
        "after_recording": 0,
        "no_recording_for_a_day": 0,
        "over_max_or_under_min": 0,
        "after_meal": 0,
        "unit_of_sugar": 0,
        "unit_of_weight": 0,
        "unit_of_height": 0,
        "created_at": "2023-10-21 10:17:34",
        "updated_at": "2023-10-21 10:17:34"
    },
    "weight": "0.0",
    "vip": {
        "id": 1,
        "user_id": 1,
        "level": 0,
        "remark": 0.0,
        "started_at": "2023-10-21 10:23:53",
        "ended_at": "2024-10-20 10:23:53",
        "created_at": "2023-10-21 10:23:53",
        "updated_at": "2023-10-21 10:23:53"
    },
    "group": "0",
    "verified": 1,
    "unread_records": [
        0,
        0,
        0
    ],
    "privacy_policy": 1,
    "last_login": "2023-10-21T18:23:53.698327+08:00",
    "is_superuser": false,
    "username": "User1o5t3hnD",
    "first_name": "",
    "last_name": "",
    "email": "testtiananmen7357@gmail.com",
    "is_staff": false,
    "is_active": true,
    "date_joined": "2023-10-21T18:15:58.894749+08:00",
    "name": null,
    "phone": null,
    "fb_id": "未設置",
    "status": "VIP",
    "birthday": null,
    "init_height": 0.0,
    "init_weight": 0.0,
    "gender": true,
    "address": "",
    "fcm_id": "",
    "login_times": 6,
    "created_at": "2023-10-21T18:15:58.895054+08:00",
    "updated_at": "2023-10-21T18:23:53.698419+08:00",
    "badge": 0,
    "friend": "",
    "groups": [],
    "user_permissions": []
}
DEBUG 2023-10-21 18:25:03,522 views 24304 139960247199424 {
    "id": 1,
    "default": {
        "id": 1,
        "sugar_delta_max": null,
        "sugar_delta_min": null,
        "sugar_morning_max": null,
        "sugar_morning_min": null,
        "sugar_evening_max": null,
        "sugar_evening_min": null,
        "sugar_before_max": null,
        "sugar_before_min": null,
        "sugar_after_max": null,
        "sugar_after_min": null,
        "systolic_max": null,
        "systolic_min": null,
        "diastolic_max": null,
        "diastolic_min": null,
        "pulse_max": null,
        "pulse_min": null,
        "weight_max": null,
        "weight_min": null,
        "bmi_max": null,
        "bmi_min": null,
        "body_fat_max": null,
        "body_fat_min": null,
        "user_id": 1,
        "created_at": "2023-10-21 10:17:34",
        "updated_at": "2023-10-21 10:17:34"
    },
    "setting": {
        "id": 1,
        "user_id": 1,
        "after_recording": 0,
        "no_recording_for_a_day": 0,
        "over_max_or_under_min": 0,
        "after_meal": 0,
        "unit_of_sugar": 0,
        "unit_of_weight": 0,
        "unit_of_height": 0,
        "created_at": "2023-10-21 10:17:34",
        "updated_at": "2023-10-21 10:17:34"
    },
    "weight": "0.0",
    "vip": {
        "id": 1,
        "user_id": 1,
        "level": 0,
        "remark": 0.0,
        "started_at": "2023-10-21 10:25:03",
        "ended_at": "2024-10-20 10:25:03",
        "created_at": "2023-10-21 10:25:03",
        "updated_at": "2023-10-21 10:25:03"
    },
    "group": "0",
    "verified": 1,
    "unread_records": [
        0,
        0,
        0
    ],
    "privacy_policy": 1,
    "last_login": "2023-10-21T18:25:03.430086+08:00",
    "is_superuser": false,
    "username": "User1o5t3hnD",
    "first_name": "",
    "last_name": "",
    "email": "testtiananmen7357@gmail.com",
    "is_staff": false,
    "is_active": true,
    "date_joined": "2023-10-21T18:15:58.894749+08:00",
    "name": null,
    "phone": null,
    "fb_id": "未設置",
    "status": "VIP",
    "birthday": null,
    "init_height": 0.0,
    "init_weight": 0.0,
    "gender": true,
    "address": "",
    "fcm_id": "",
    "login_times": 7,
    "created_at": "2023-10-21T18:15:58.895054+08:00",
    "updated_at": "2023-10-21T18:25:03.430194+08:00",
    "badge": 0,
    "friend": "",
    "groups": [],
    "user_permissions": []
}
DEBUG 2023-10-21 18:25:11,730 views 24362 139733271312064 {
    "id": 1,
    "default": {
        "id": 1,
        "sugar_delta_max": null,
        "sugar_delta_min": null,
        "sugar_morning_max": null,
        "sugar_morning_min": null,
        "sugar_evening_max": null,
        "sugar_evening_min": null,
        "sugar_before_max": null,
        "sugar_before_min": null,
        "sugar_after_max": null,
        "sugar_after_min": null,
        "systolic_max": null,
        "systolic_min": null,
        "diastolic_max": null,
        "diastolic_min": null,
        "pulse_max": null,
        "pulse_min": null,
        "weight_max": null,
        "weight_min": null,
        "bmi_max": null,
        "bmi_min": null,
        "body_fat_max": null,
        "body_fat_min": null,
        "user_id": 1,
        "created_at": "2023-10-21 10:17:34",
        "updated_at": "2023-10-21 10:17:34"
    },
    "setting": {
        "id": 1,
        "user_id": 1,
        "after_recording": 0,
        "no_recording_for_a_day": 0,
        "over_max_or_under_min": 0,
        "after_meal": 0,
        "unit_of_sugar": 0,
        "unit_of_weight": 0,
        "unit_of_height": 0,
        "created_at": "2023-10-21 10:17:34",
        "updated_at": "2023-10-21 10:17:34"
    },
    "weight": "0.0",
    "vip": {
        "id": 1,
        "user_id": 1,
        "level": 0,
        "remark": 0.0,
        "started_at": "2023-10-21 10:25:11",
        "ended_at": "2024-10-20 10:25:11",
        "created_at": "2023-10-21 10:25:11",
        "updated_at": "2023-10-21 10:25:11"
    },
    "group": "0",
    "verified": 1,
    "unread_records": [
        0,
        0,
        0
    ],
    "privacy_policy": 1,
    "last_login": "2023-10-21T18:25:11.584708+08:00",
    "is_superuser": false,
    "username": "User1o5t3hnD",
    "first_name": "",
    "last_name": "",
    "email": "testtiananmen7357@gmail.com",
    "is_staff": false,
    "is_active": true,
    "date_joined": "2023-10-21T18:15:58.894749+08:00",
    "name": null,
    "phone": "",
    "fb_id": "未設置",
    "status": "VIP",
    "birthday": null,
    "init_height": 0.0,
    "init_weight": 0.0,
    "gender": true,
    "address": "",
    "fcm_id": "",
    "login_times": 8,
    "created_at": "2023-10-21T18:15:58.895054+08:00",
    "updated_at": "2023-10-21T18:25:11.584856+08:00",
    "badge": 0,
    "friend": "",
    "groups": [],
    "user_permissions": []
}
INFO 2023-10-21 18:26:00,548 views 24477 140612128995008 verification code: 474967
DEBUG 2023-10-21 18:26:18,827 views 24477 140612128995008 {
    "id": 1,
    "default": {
        "id": 1,
        "sugar_delta_max": null,
        "sugar_delta_min": null,
        "sugar_morning_max": null,
        "sugar_morning_min": null,
        "sugar_evening_max": null,
        "sugar_evening_min": null,
        "sugar_before_max": null,
        "sugar_before_min": null,
        "sugar_after_max": null,
        "sugar_after_min": null,
        "systolic_max": null,
        "systolic_min": null,
        "diastolic_max": null,
        "diastolic_min": null,
        "pulse_max": null,
        "pulse_min": null,
        "weight_max": null,
        "weight_min": null,
        "bmi_max": null,
        "bmi_min": null,
        "body_fat_max": null,
        "body_fat_min": null,
        "user_id": 1,
        "created_at": "2023-10-21 10:26:18",
        "updated_at": "2023-10-21 10:26:18"
    },
    "setting": {
        "id": 1,
        "user_id": 1,
        "after_recording": 0,
        "no_recording_for_a_day": 0,
        "over_max_or_under_min": 0,
        "after_meal": 0,
        "unit_of_sugar": 0,
        "unit_of_weight": 0,
        "unit_of_height": 0,
        "created_at": "2023-10-21 10:26:18",
        "updated_at": "2023-10-21 10:26:18"
    },
    "weight": "0.0",
    "vip": {
        "id": 1,
        "user_id": 1,
        "level": 0,
        "remark": 0.0,
        "started_at": "2023-10-21 10:26:18",
        "ended_at": "2024-10-20 10:26:18",
        "created_at": "2023-10-21 10:26:18",
        "updated_at": "2023-10-21 10:26:18"
    },
    "group": "0",
    "verified": 1,
    "unread_records": [
        0,
        0,
        0
    ],
    "privacy_policy": 1,
    "last_login": "2023-10-21T18:26:18.533156+08:00",
    "is_superuser": false,
    "username": "User1iKoxO5w",
    "first_name": "",
    "last_name": "",
    "email": "testtiananmen7357@gmail.com",
    "is_staff": false,
    "is_active": true,
    "date_joined": "2023-10-21T18:26:00.473052+08:00",
    "name": "",
    "phone": "",
    "fb_id": "未設置",
    "status": "VIP",
    "birthday": null,
    "init_height": 0.0,
    "init_weight": 0.0,
    "gender": true,
    "address": "",
    "fcm_id": "",
    "login_times": 1,
    "created_at": "2023-10-21T18:26:00.473330+08:00",
    "updated_at": "2023-10-21T18:26:18.533327+08:00",
    "badge": 0,
    "friend": "",
    "groups": [],
    "user_permissions": []
}
DEBUG 2023-10-21 18:27:19,908 views 24477 140612128995008 {
    "id": 1,
    "default": {
        "id": 1,
        "sugar_delta_max": null,
        "sugar_delta_min": null,
        "sugar_morning_max": null,
        "sugar_morning_min": null,
        "sugar_evening_max": null,
        "sugar_evening_min": null,
        "sugar_before_max": null,
        "sugar_before_min": null,
        "sugar_after_max": null,
        "sugar_after_min": null,
        "systolic_max": null,
        "systolic_min": null,
        "diastolic_max": null,
        "diastolic_min": null,
        "pulse_max": null,
        "pulse_min": null,
        "weight_max": null,
        "weight_min": null,
        "bmi_max": null,
        "bmi_min": null,
        "body_fat_max": null,
        "body_fat_min": null,
        "user_id": 1,
        "created_at": "2023-10-21 10:26:18",
        "updated_at": "2023-10-21 10:26:18"
    },
    "setting": {
        "id": 1,
        "user_id": 1,
        "after_recording": 0,
        "no_recording_for_a_day": 0,
        "over_max_or_under_min": 0,
        "after_meal": 0,
        "unit_of_sugar": 0,
        "unit_of_weight": 0,
        "unit_of_height": 0,
        "created_at": "2023-10-21 10:26:18",
        "updated_at": "2023-10-21 10:26:18"
    },
    "weight": "0.0",
    "vip": {
        "id": 1,
        "user_id": 1,
        "level": 0,
        "remark": 0.0,
        "started_at": "2023-10-21 10:27:19",
        "ended_at": "2024-10-20 10:27:19",
        "created_at": "2023-10-21 10:27:19",
        "updated_at": "2023-10-21 10:27:19"
    },
    "group": "0",
    "verified": 1,
    "unread_records": [
        0,
        0,
        0
    ],
    "privacy_policy": 1,
    "last_login": "2023-10-21T18:27:19.843168+08:00",
    "is_superuser": false,
    "username": "User1iKoxO5w",
    "first_name": "",
    "last_name": "",
    "email": "testtiananmen7357@gmail.com",
    "is_staff": false,
    "is_active": true,
    "date_joined": "2023-10-21T18:26:00.473052+08:00",
    "name": "",
    "phone": "",
    "fb_id": "未設置",
    "status": "VIP",
    "birthday": null,
    "init_height": 0.0,
    "init_weight": 0.0,
    "gender": true,
    "address": "",
    "fcm_id": "",
    "login_times": 2,
    "created_at": "2023-10-21T18:26:00.473330+08:00",
    "updated_at": "2023-10-21T18:27:19.843392+08:00",
    "badge": 0,
    "friend": "",
    "groups": [],
    "user_permissions": []
}
INFO 2023-10-21 18:38:32,365 views 25901 140182327965376 verification code: 287158
DEBUG 2023-10-21 18:45:51,056 views 26824 139692762511040 {
    "id": 1,
    "name": "",
    "account": "testtiananmen7357@gmail.com",
    "email": "testtiananmen7357@gmail.com",
    "phone": "",
    "fb_id": "未設置",
    "status": "VIP",
    "group": "0",
    "birthday": null,
    "height": 0.0,
    "weight": "0.0",
    "gender": 1,
    "address": "",
    "unread_records": [
        0,
        0,
        0
    ],
    "verified": true,
    "privacy_policy": 1,
    "must_change_password": false,
    "fcm_id": "",
    "login_times": 8,
    "created_at": "2023-10-21T18:38:32.264218+08:00",
    "updated_at": "2023-10-21T18:45:50.989875+08:00",
    "default": {
        "id": 1,
        "sugar_delta_max": null,
        "sugar_delta_min": null,
        "sugar_morning_max": null,
        "sugar_morning_min": null,
        "sugar_evening_max": null,
        "sugar_evening_min": null,
        "sugar_before_max": null,
        "sugar_before_min": null,
        "sugar_after_max": null,
        "sugar_after_min": null,
        "systolic_max": null,
        "systolic_min": null,
        "diastolic_max": null,
        "diastolic_min": null,
        "pulse_max": null,
        "pulse_min": null,
        "weight_max": null,
        "weight_min": null,
        "bmi_max": null,
        "bmi_min": null,
        "body_fat_max": null,
        "body_fat_min": null,
        "user_id": 1,
        "created_at": "2023-10-21 10:38:50",
        "updated_at": "2023-10-21 10:38:50"
    },
    "setting": {
        "id": 1,
        "user_id": 1,
        "after_recording": 0,
        "no_recording_for_a_day": 0,
        "over_max_or_under_min": 0,
        "after_meal": 0,
        "unit_of_sugar": 0,
        "unit_of_weight": 0,
        "unit_of_height": 0,
        "created_at": "2023-10-21 10:38:50",
        "updated_at": "2023-10-21 10:38:50"
    },
    "vip": {
        "id": 1,
        "user_id": 1,
        "level": 0,
        "remark": 0.0,
        "started_at": "2023-10-21 10:45:51",
        "ended_at": "2024-10-20 10:45:51",
        "created_at": "2023-10-21 10:45:51",
        "updated_at": "2023-10-21 10:45:51"
    }
}
DEBUG 2023-10-21 18:46:26,593 views 26886 139751522510528 {
    "id": 1,
    "name": "",
    "account": "testtiananmen7357@gmail.com",
    "email": "testtiananmen7357@gmail.com",
    "phone": "",
    "fb_id": "未設置",
    "status": "VIP",
    "group": "0",
    "birthday": null,
    "height": 0.0,
    "weight": "0.0",
    "gender": 1,
    "address": "",
    "unread_records": [
        0,
        0,
        0
    ],
    "verified": true,
    "privacy_policy": 1,
    "must_change_password": false,
    "fcm_id": "",
    "login_times": 9,
    "created_at": "2023-10-21T18:38:32.264218+08:00",
    "updated_at": "2023-10-21T18:46:26.498116+08:00",
    "default": {
        "id": 1,
        "sugar_delta_max": null,
        "sugar_delta_min": null,
        "sugar_morning_max": null,
        "sugar_morning_min": null,
        "sugar_evening_max": null,
        "sugar_evening_min": null,
        "sugar_before_max": null,
        "sugar_before_min": null,
        "sugar_after_max": null,
        "sugar_after_min": null,
        "systolic_max": null,
        "systolic_min": null,
        "diastolic_max": null,
        "diastolic_min": null,
        "pulse_max": null,
        "pulse_min": null,
        "weight_max": null,
        "weight_min": null,
        "bmi_max": null,
        "bmi_min": null,
        "body_fat_max": null,
        "body_fat_min": null,
        "user_id": 1,
        "created_at": "2023-10-21 10:38:50",
        "updated_at": "2023-10-21 10:38:50"
    },
    "setting": {
        "id": 1,
        "user_id": 1,
        "after_recording": 0,
        "no_recording_for_a_day": 0,
        "over_max_or_under_min": 0,
        "after_meal": 0,
        "unit_of_sugar": 0,
        "unit_of_weight": 0,
        "unit_of_height": 0,
        "created_at": "2023-10-21 10:38:50",
        "updated_at": "2023-10-21 10:38:50"
    },
    "vip": {
        "id": 1,
        "user_id": 1,
        "level": 0,
        "remark": 0.0,
        "started_at": "2023-10-21 10:46:26",
        "ended_at": "2024-10-20 10:46:26",
        "created_at": "2023-10-21 10:46:26",
        "updated_at": "2023-10-21 10:46:26"
    }
}
DEBUG 2023-10-21 18:46:34,583 views 26936 139641549674176 {
    "id": 1,
    "name": "",
    "account": "testtiananmen7357@gmail.com",
    "email": "testtiananmen7357@gmail.com",
    "phone": "",
    "fb_id": "未設置",
    "status": "VIP",
    "group": "0",
    "birthday": null,
    "height": 0.0,
    "weight": "0.0",
    "gender": 1,
    "address": "",
    "unread_records": [
        0,
        0,
        0
    ],
    "verified": true,
    "privacy_policy": 1,
    "must_change_password": false,
    "fcm_id": "",
    "login_times": 10,
    "created_at": "2023-10-21T18:38:32.264218+08:00",
    "updated_at": "2023-10-21T18:46:34.461237+08:00",
    "default": {
        "id": 1,
        "sugar_delta_max": null,
        "sugar_delta_min": null,
        "sugar_morning_max": null,
        "sugar_morning_min": null,
        "sugar_evening_max": null,
        "sugar_evening_min": null,
        "sugar_before_max": null,
        "sugar_before_min": null,
        "sugar_after_max": null,
        "sugar_after_min": null,
        "systolic_max": null,
        "systolic_min": null,
        "diastolic_max": null,
        "diastolic_min": null,
        "pulse_max": null,
        "pulse_min": null,
        "weight_max": null,
        "weight_min": null,
        "bmi_max": null,
        "bmi_min": null,
        "body_fat_max": null,
        "body_fat_min": null,
        "user_id": 1,
        "created_at": "2023-10-21 10:38:50",
        "updated_at": "2023-10-21 10:38:50"
    },
    "setting": {
        "id": 1,
        "user_id": 1,
        "after_recording": 0,
        "no_recording_for_a_day": 0,
        "over_max_or_under_min": 0,
        "after_meal": 0,
        "unit_of_sugar": 0,
        "unit_of_weight": 0,
        "unit_of_height": 0,
        "created_at": "2023-10-21 10:38:50",
        "updated_at": "2023-10-21 10:38:50"
    },
    "vip": {
        "id": 1,
        "user_id": 1,
        "level": 0,
        "remark": 0.0,
        "started_at": "2023-10-21 10:46:34",
        "ended_at": "2024-10-20 10:46:34",
        "created_at": "2023-10-21 10:46:34",
        "updated_at": "2023-10-21 10:46:34"
    }
}
DEBUG 2023-10-21 18:47:35,607 views 26936 139641549674176 {
    "id": 1,
    "name": "",
    "account": "testtiananmen7357@gmail.com",
    "email": "testtiananmen7357@gmail.com",
    "phone": "",
    "fb_id": "未設置",
    "status": "VIP",
    "group": "0",
    "birthday": "1989-06-04",
    "height": 0.0,
    "weight": "0.0",
    "gender": 1,
    "address": "",
    "unread_records": [
        0,
        0,
        0
    ],
    "verified": true,
    "privacy_policy": 1,
    "must_change_password": false,
    "fcm_id": "",
    "login_times": 11,
    "created_at": "2023-10-21T18:38:32.264218+08:00",
    "updated_at": "2023-10-21T18:47:35.344833+08:00",
    "default": {
        "id": 1,
        "sugar_delta_max": null,
        "sugar_delta_min": null,
        "sugar_morning_max": null,
        "sugar_morning_min": null,
        "sugar_evening_max": null,
        "sugar_evening_min": null,
        "sugar_before_max": null,
        "sugar_before_min": null,
        "sugar_after_max": null,
        "sugar_after_min": null,
        "systolic_max": null,
        "systolic_min": null,
        "diastolic_max": null,
        "diastolic_min": null,
        "pulse_max": null,
        "pulse_min": null,
        "weight_max": null,
        "weight_min": null,
        "bmi_max": null,
        "bmi_min": null,
        "body_fat_max": null,
        "body_fat_min": null,
        "user_id": 1,
        "created_at": "2023-10-21 10:38:50",
        "updated_at": "2023-10-21 10:38:50"
    },
    "setting": {
        "id": 1,
        "user_id": 1,
        "after_recording": 0,
        "no_recording_for_a_day": 0,
        "over_max_or_under_min": 0,
        "after_meal": 0,
        "unit_of_sugar": 0,
        "unit_of_weight": 0,
        "unit_of_height": 0,
        "created_at": "2023-10-21 10:38:50",
        "updated_at": "2023-10-21 10:38:50"
    },
    "vip": {
        "id": 1,
        "user_id": 1,
        "level": 0,
        "remark": 0.0,
        "started_at": "2023-10-21 10:47:35",
        "ended_at": "2024-10-20 10:47:35",
        "created_at": "2023-10-21 10:47:35",
        "updated_at": "2023-10-21 10:47:35"
    }
}
DEBUG 2023-10-21 18:48:29,577 views 27187 139803089270464 {
    "id": 1,
    "name": "",
    "account": "testtiananmen7357@gmail.com",
    "email": "testtiananmen7357@gmail.com",
    "phone": "",
    "fb_id": "未設置",
    "status": "VIP",
    "group": "0",
    "birthday": "1989-06-04",
    "height": 0.0,
    "weight": 0.0,
    "gender": 1,
    "address": "",
    "unread_records": [
        0,
        0,
        0
    ],
    "verified": true,
    "privacy_policy": 1,
    "must_change_password": false,
    "fcm_id": "",
    "login_times": 12,
    "created_at": "2023-10-21T18:38:32.264218+08:00",
    "updated_at": "2023-10-21T18:48:29.421669+08:00",
    "default": {
        "id": 1,
        "sugar_delta_max": null,
        "sugar_delta_min": null,
        "sugar_morning_max": null,
        "sugar_morning_min": null,
        "sugar_evening_max": null,
        "sugar_evening_min": null,
        "sugar_before_max": null,
        "sugar_before_min": null,
        "sugar_after_max": null,
        "sugar_after_min": null,
        "systolic_max": null,
        "systolic_min": null,
        "diastolic_max": null,
        "diastolic_min": null,
        "pulse_max": null,
        "pulse_min": null,
        "weight_max": null,
        "weight_min": null,
        "bmi_max": null,
        "bmi_min": null,
        "body_fat_max": null,
        "body_fat_min": null,
        "user_id": 1,
        "created_at": "2023-10-21 10:38:50",
        "updated_at": "2023-10-21 10:38:50"
    },
    "setting": {
        "id": 1,
        "user_id": 1,
        "after_recording": 0,
        "no_recording_for_a_day": 0,
        "over_max_or_under_min": 0,
        "after_meal": 0,
        "unit_of_sugar": 0,
        "unit_of_weight": 0,
        "unit_of_height": 0,
        "created_at": "2023-10-21 10:38:50",
        "updated_at": "2023-10-21 10:38:50"
    },
    "vip": {
        "id": 1,
        "user_id": 1,
        "level": 0,
        "remark": 0.0,
        "started_at": "2023-10-21 10:48:29",
        "ended_at": "2024-10-20 10:48:29",
        "created_at": "2023-10-21 10:48:29",
        "updated_at": "2023-10-21 10:48:29"
    }
}
DEBUG 2023-10-21 18:50:18,641 views 27280 140463924467392 {
    "id": 1,
    "name": "",
    "account": "testtiananmen7357@gmail.com",
    "email": "testtiananmen7357@gmail.com",
    "phone": "",
    "fb_id": "未設置",
    "status": "VIP",
    "group": "0",
    "birthday": "1989-06-04",
    "height": 0.0,
    "weight": 0.0,
    "gender": 1,
    "address": "",
    "unread_records": [
        0,
        0,
        0
    ],
    "verified": 1,
    "privacy_policy": 1,
    "must_change_password": false,
    "fcm_id": "",
    "login_times": 13,
    "created_at": "2023-10-21T18:38:32.264218+08:00",
    "updated_at": "2023-10-21T18:50:18.484745+08:00",
    "default": {
        "id": 1,
        "sugar_delta_max": null,
        "sugar_delta_min": null,
        "sugar_morning_max": null,
        "sugar_morning_min": null,
        "sugar_evening_max": null,
        "sugar_evening_min": null,
        "sugar_before_max": null,
        "sugar_before_min": null,
        "sugar_after_max": null,
        "sugar_after_min": null,
        "systolic_max": null,
        "systolic_min": null,
        "diastolic_max": null,
        "diastolic_min": null,
        "pulse_max": null,
        "pulse_min": null,
        "weight_max": null,
        "weight_min": null,
        "bmi_max": null,
        "bmi_min": null,
        "body_fat_max": null,
        "body_fat_min": null,
        "user_id": 1,
        "created_at": "2023-10-21 10:38:50",
        "updated_at": "2023-10-21 10:38:50"
    },
    "setting": {
        "id": 1,
        "user_id": 1,
        "after_recording": 0,
        "no_recording_for_a_day": 0,
        "over_max_or_under_min": 0,
        "after_meal": 0,
        "unit_of_sugar": 0,
        "unit_of_weight": 0,
        "unit_of_height": 0,
        "created_at": "2023-10-21 10:38:50",
        "updated_at": "2023-10-21 10:38:50"
    },
    "vip": {
        "id": 1,
        "user_id": 1,
        "level": 0,
        "remark": 0.0,
        "started_at": "2023-10-21 10:50:18",
        "ended_at": "2024-10-20 10:50:18",
        "created_at": "2023-10-21 10:50:18",
        "updated_at": "2023-10-21 10:50:18"
    }
}
DEBUG 2023-10-21 18:51:59,099 views 27440 140580344153792 {
    "id": 1,
    "name": "",
    "account": "testtiananmen7357@gmail.com",
    "email": "testtiananmen7357@gmail.com",
    "phone": "",
    "fb_id": "未設置",
    "status": "VIP",
    "group": "0",
    "birthday": "1989-06-04",
    "height": 0.0,
    "weight": 0.0,
    "gender": 1,
    "address": "",
    "unread_records": [
        0,
        0,
        0
    ],
    "verified": 1,
    "privacy_policy": 1,
    "must_change_password": 0,
    "fcm_id": "",
    "login_times": 14,
    "created_at": "2023-10-21T18:38:32.264218+08:00",
    "updated_at": "2023-10-21T18:51:58.868226+08:00",
    "default": {
        "id": 1,
        "sugar_delta_max": null,
        "sugar_delta_min": null,
        "sugar_morning_max": null,
        "sugar_morning_min": null,
        "sugar_evening_max": null,
        "sugar_evening_min": null,
        "sugar_before_max": null,
        "sugar_before_min": null,
        "sugar_after_max": null,
        "sugar_after_min": null,
        "systolic_max": null,
        "systolic_min": null,
        "diastolic_max": null,
        "diastolic_min": null,
        "pulse_max": null,
        "pulse_min": null,
        "weight_max": null,
        "weight_min": null,
        "bmi_max": null,
        "bmi_min": null,
        "body_fat_max": null,
        "body_fat_min": null,
        "user_id": 1,
        "created_at": "2023-10-21 10:38:50",
        "updated_at": "2023-10-21 10:38:50"
    },
    "setting": {
        "id": 1,
        "user_id": 1,
        "after_recording": 0,
        "no_recording_for_a_day": 0,
        "over_max_or_under_min": 0,
        "after_meal": 0,
        "unit_of_sugar": 0,
        "unit_of_weight": 0,
        "unit_of_height": 0,
        "created_at": "2023-10-21 10:38:50",
        "updated_at": "2023-10-21 10:38:50"
    },
    "vip": {
        "id": 1,
        "user_id": 1,
        "level": 0,
        "remark": 0.0,
        "started_at": "2023-10-21 10:51:59",
        "ended_at": "2024-10-20 10:51:59",
        "created_at": "2023-10-21 10:51:59",
        "updated_at": "2023-10-21 10:51:59"
    }
}
DEBUG 2023-10-21 18:53:44,663 views 27600 140068799575744 {
    "id": 1,
    "name": "",
    "account": "testtiananmen7357@gmail.com",
    "email": "testtiananmen7357@gmail.com",
    "phone": "",
    "fb_id": "未設置",
    "status": "VIP",
    "group": "0",
    "birthday": "1989-06-04",
    "height": 0.0,
    "weight": 0.0,
    "gender": 1,
    "address": "",
    "unread_records": [
        0,
        0,
        0
    ],
    "verified": 1,
    "privacy_policy": 1,
    "must_change_password": 0,
    "fcm_id": "",
    "login_times": 15,
    "created_at": "2023-10-21T18:38:32.264218+08:00",
    "updated_at": "2023-10-21T18:53:44.500654+08:00",
    "default": {
        "id": 1,
        "sugar_delta_max": 0.0,
        "sugar_delta_min": 0.0,
        "sugar_morning_max": 0.0,
        "sugar_morning_min": 0.0,
        "sugar_evening_max": 0.0,
        "sugar_evening_min": 0.0,
        "sugar_before_max": 0.0,
        "sugar_before_min": 0.0,
        "sugar_after_max": 0.0,
        "sugar_after_min": 0.0,
        "systolic_max": 0,
        "systolic_min": 0,
        "diastolic_max": 0,
        "diastolic_min": 0,
        "pulse_max": 0,
        "pulse_min": 0,
        "weight_max": 0.0,
        "weight_min": 0.0,
        "bmi_max": 0.0,
        "bmi_min": 0.0,
        "body_fat_max": 0.0,
        "body_fat_min": 0.0,
        "user_id": 1,
        "created_at": "2023-10-21 10:38:50",
        "updated_at": "2023-10-21 10:38:50"
    },
    "setting": {
        "id": 1,
        "user_id": 1,
        "after_recording": 0,
        "no_recording_for_a_day": 0,
        "over_max_or_under_min": 0,
        "after_meal": 0,
        "unit_of_sugar": 0,
        "unit_of_weight": 0,
        "unit_of_height": 0,
        "created_at": "2023-10-21 10:38:50",
        "updated_at": "2023-10-21 10:38:50"
    },
    "vip": {
        "id": 1,
        "user_id": 1,
        "level": 0,
        "remark": 0.0,
        "started_at": "2023-10-21 10:53:44",
        "ended_at": "2024-10-20 10:53:44",
        "created_at": "2023-10-21 10:53:44",
        "updated_at": "2023-10-21 10:53:44"
    }
}
DEBUG 2023-10-21 18:56:26,472 views 27806 140319101109952 {
    "height": 0,
    "gender": false,
    "address": "",
    "fcm_id": "4716DB92-DB2D-4FBA-B307-B6350E7FFF15",
    "email": "",
    "birthday": "",
    "phone": "",
    "weight": "",
    "name": ""
}
DEBUG 2023-10-21 19:02:51,487 views 28337 139930096584384 {
    "name": "",
    "email": "",
    "birthday": "",
    "phone": "",
    "weight": "",
    "gender": false,
    "height": 0,
    "address": "",
    "fcm_id": "F0A09674-544B-426A-8EB6-31C779457DC1"
}
ERROR 2023-10-21 19:02:51,489 utils 28337 139930096584384 serializer is not valid, the error is: {'address': [ErrorDetail(string='This field may not be blank.', code='blank')]}
DEBUG 2023-10-21 19:03:37,167 views 28337 139930096584384 {
    "name": "",
    "fcm_id": "7692EA1D-EF3F-402C-B46B-D664126014EB",
    "address": "",
    "phone": "",
    "birthday": "",
    "email": "",
    "height": 0,
    "gender": false,
    "weight": ""
}
ERROR 2023-10-21 19:03:37,170 utils 28337 139930096584384 serializer is not valid, the error is: {'address': [ErrorDetail(string='This field may not be blank.', code='blank')]}
ERROR 2023-10-21 19:21:08,236 utils 29579 140080401651392 register failed: user not exists

INFO 2023-10-21 19:25:44,626 views 30048 139700620752576 verification code: 443970
ERROR 2023-10-21 19:36:27,180 utils 31368 140641992439488 register failed: user not exists

